<?xml version="1.0" encoding="UTF-8"?>
<testsuite xmlns:xsi="http://www.w3.org/2001/XMLSchema-instance" xsi:noNamespaceSchemaLocation="https://maven.apache.org/surefire/maven-surefire-plugin/xsd/surefire-test-report-3.0.xsd" version="3.0" name="TestSuite" time="15.845" tests="1" errors="0" skipped="0" failures="0">
  <properties>
[...]
</properties>
  <testcase name="verifyRegistrationAndLogin" classname="stc.b2b.c2m.msd365.Testcases.TC_RegisteredUserLoginTest" time="7.815">
    <system-out><![CDATA[On Start method invoked....
[DEBUG] 2023-02-16 00:11:07.272 [main] InternalLoggerFactory - Using Log4J2 as the default logging framework
[DEBUG] 2023-02-16 00:11:07.278 [main] ResourceLeakDetector - -Dio.netty.leakDetection.level: simple
[DEBUG] 2023-02-16 00:11:07.278 [main] ResourceLeakDetector - -Dio.netty.leakDetection.targetRecords: 4
[DEBUG] 2023-02-16 00:11:07.281 [main] ResourceLeakDetectorFactory - Loaded default ResourceLeakDetector: io.netty.util.ResourceLeakDetector@55a609dd
[DEBUG] 2023-02-16 00:11:07.293 [main] PlatformDependent0 - -Dio.netty.noUnsafe: false
[DEBUG] 2023-02-16 00:11:07.293 [main] PlatformDependent0 - Java version: 17
[DEBUG] 2023-02-16 00:11:07.295 [main] PlatformDependent0 - sun.misc.Unsafe.theUnsafe: available
[DEBUG] 2023-02-16 00:11:07.295 [main] PlatformDependent0 - sun.misc.Unsafe.copyMemory: available
[DEBUG] 2023-02-16 00:11:07.295 [main] PlatformDependent0 - sun.misc.Unsafe.storeFence: available
[DEBUG] 2023-02-16 00:11:07.296 [main] PlatformDependent0 - java.nio.Buffer.address: available
[DEBUG] 2023-02-16 00:11:07.296 [main] PlatformDependent0 - direct buffer constructor: unavailable: Reflective setAccessible(true) disabled
[DEBUG] 2023-02-16 00:11:07.297 [main] PlatformDependent0 - java.nio.Bits.unaligned: available, true
[DEBUG] 2023-02-16 00:11:07.297 [main] PlatformDependent0 - jdk.internal.misc.Unsafe.allocateUninitializedArray(int): unavailable: class io.netty.util.internal.PlatformDependent0$7 cannot access class jdk.internal.misc.Unsafe (in module java.base) because module java.base does not export jdk.internal.misc to unnamed module @a3d8174
[DEBUG] 2023-02-16 00:11:07.298 [main] PlatformDependent0 - java.nio.DirectByteBuffer.<init>(long, int): unavailable
[DEBUG] 2023-02-16 00:11:07.298 [main] PlatformDependent - sun.misc.Unsafe: available
[DEBUG] 2023-02-16 00:11:07.299 [main] PlatformDependent - maxDirectMemory: 4227858432 bytes (maybe)
[DEBUG] 2023-02-16 00:11:07.299 [main] PlatformDependent - -Dio.netty.tmpdir: C:\Users\SB0068~1\AppData\Local\Temp (java.io.tmpdir)
[DEBUG] 2023-02-16 00:11:07.299 [main] PlatformDependent - -Dio.netty.bitMode: 64 (sun.arch.data.model)
[DEBUG] 2023-02-16 00:11:07.300 [main] PlatformDependent - Platform: Windows
[DEBUG] 2023-02-16 00:11:07.300 [main] PlatformDependent - -Dio.netty.maxDirectMemory: -1 bytes
[DEBUG] 2023-02-16 00:11:07.300 [main] PlatformDependent - -Dio.netty.uninitializedArrayAllocationThreshold: -1
[DEBUG] 2023-02-16 00:11:07.301 [main] CleanerJava9 - java.nio.ByteBuffer.cleaner(): available
[DEBUG] 2023-02-16 00:11:07.301 [main] PlatformDependent - -Dio.netty.noPreferDirect: false
[DEBUG] 2023-02-16 00:11:07.307 [main] PlatformDependent - org.jctools-core.MpscChunkedArrayQueue: available
[DEBUG] 2023-02-16 00:11:07.318 [main] InternalThreadLocalMap - -Dio.netty.threadLocalMap.stringBuilder.initialSize: 1024
[DEBUG] 2023-02-16 00:11:07.319 [main] InternalThreadLocalMap - -Dio.netty.threadLocalMap.stringBuilder.maxSize: 4096
[DEBUG] 2023-02-16 00:11:07.374 [main] JdkSslContext - Default protocols (JDK): [TLSv1.3, TLSv1.2] 
[DEBUG] 2023-02-16 00:11:07.374 [main] JdkSslContext - Default cipher suites (JDK): [TLS_ECDHE_ECDSA_WITH_AES_256_GCM_SHA384, TLS_ECDHE_ECDSA_WITH_AES_128_GCM_SHA256, TLS_ECDHE_RSA_WITH_AES_128_GCM_SHA256, TLS_ECDHE_RSA_WITH_AES_256_GCM_SHA384, TLS_ECDHE_RSA_WITH_AES_128_CBC_SHA, TLS_ECDHE_RSA_WITH_AES_256_CBC_SHA, TLS_RSA_WITH_AES_128_GCM_SHA256, TLS_RSA_WITH_AES_128_CBC_SHA, TLS_RSA_WITH_AES_256_CBC_SHA, TLS_AES_128_GCM_SHA256, TLS_AES_256_GCM_SHA384]
[DEBUG] 2023-02-16 00:11:07.391 [main] MultithreadEventLoopGroup - -Dio.netty.eventLoopThreads: 16
[DEBUG] 2023-02-16 00:11:07.396 [main] NioEventLoop - -Dio.netty.noKeySetOptimization: false
[DEBUG] 2023-02-16 00:11:07.396 [main] NioEventLoop - -Dio.netty.selectorAutoRebuildThreshold: 512
[DEBUG] 2023-02-16 00:11:07.474 [main] PooledByteBufAllocator - -Dio.netty.allocator.numHeapArenas: 16
[DEBUG] 2023-02-16 00:11:07.474 [main] PooledByteBufAllocator - -Dio.netty.allocator.numDirectArenas: 16
[DEBUG] 2023-02-16 00:11:07.474 [main] PooledByteBufAllocator - -Dio.netty.allocator.pageSize: 8192
[DEBUG] 2023-02-16 00:11:07.474 [main] PooledByteBufAllocator - -Dio.netty.allocator.maxOrder: 9
[DEBUG] 2023-02-16 00:11:07.474 [main] PooledByteBufAllocator - -Dio.netty.allocator.chunkSize: 4194304
[DEBUG] 2023-02-16 00:11:07.474 [main] PooledByteBufAllocator - -Dio.netty.allocator.smallCacheSize: 256
[DEBUG] 2023-02-16 00:11:07.474 [main] PooledByteBufAllocator - -Dio.netty.allocator.normalCacheSize: 64
[DEBUG] 2023-02-16 00:11:07.474 [main] PooledByteBufAllocator - -Dio.netty.allocator.maxCachedBufferCapacity: 32768
[DEBUG] 2023-02-16 00:11:07.474 [main] PooledByteBufAllocator - -Dio.netty.allocator.cacheTrimInterval: 8192
[DEBUG] 2023-02-16 00:11:07.474 [main] PooledByteBufAllocator - -Dio.netty.allocator.cacheTrimIntervalMillis: 0
[DEBUG] 2023-02-16 00:11:07.474 [main] PooledByteBufAllocator - -Dio.netty.allocator.useCacheForAllThreads: false
[DEBUG] 2023-02-16 00:11:07.474 [main] PooledByteBufAllocator - -Dio.netty.allocator.maxCachedByteBuffersPerChunk: 1023
[DEBUG] 2023-02-16 00:11:07.483 [main] ByteBufUtil - -Dio.netty.allocator.type: pooled
[DEBUG] 2023-02-16 00:11:07.483 [main] ByteBufUtil - -Dio.netty.threadLocalDirectBufferSize: 0
[DEBUG] 2023-02-16 00:11:07.483 [main] ByteBufUtil - -Dio.netty.maxThreadLocalCharBufferSize: 16384
[DEBUG] 2023-02-16 00:11:08.081 [Forwarding newSession on session null to remote] DefaultChannelId - -Dio.netty.processId: 10456 (auto-detected)
[DEBUG] 2023-02-16 00:11:08.083 [Forwarding newSession on session null to remote] NetUtil - -Djava.net.preferIPv4Stack: false
[DEBUG] 2023-02-16 00:11:08.084 [Forwarding newSession on session null to remote] NetUtil - -Djava.net.preferIPv6Addresses: false
[DEBUG] 2023-02-16 00:11:08.103 [Forwarding newSession on session null to remote] NetUtilInitializations - Loopback interface: lo (Software Loopback Interface 1, 127.0.0.1)
[DEBUG] 2023-02-16 00:11:08.104 [Forwarding newSession on session null to remote] NetUtil - Failed to get SOMAXCONN from sysctl and file \proc\sys\net\core\somaxconn. Default: 200
[DEBUG] 2023-02-16 00:11:08.186 [Forwarding newSession on session null to remote] DefaultChannelId - -Dio.netty.machineId: 1c:c1:0c:ff:fe:ba:cb:24 (auto-detected)
[DEBUG] 2023-02-16 00:11:08.223 [AsyncHttpClient-1-2] AbstractByteBuf - -Dio.netty.buffer.checkAccessible: true
[DEBUG] 2023-02-16 00:11:08.223 [AsyncHttpClient-1-2] AbstractByteBuf - -Dio.netty.buffer.checkBounds: true
[DEBUG] 2023-02-16 00:11:08.223 [AsyncHttpClient-1-2] ResourceLeakDetectorFactory - Loaded default ResourceLeakDetector: io.netty.util.ResourceLeakDetector@43d5899b
[DEBUG] 2023-02-16 00:11:08.237 [AsyncHttpClient-1-2] Recycler - -Dio.netty.recycler.maxCapacityPerThread: 4096
[DEBUG] 2023-02-16 00:11:08.237 [AsyncHttpClient-1-2] Recycler - -Dio.netty.recycler.ratio: 8
[DEBUG] 2023-02-16 00:11:08.237 [AsyncHttpClient-1-2] Recycler - -Dio.netty.recycler.chunkSize: 32
[DEBUG] 2023-02-16 00:11:08.237 [AsyncHttpClient-1-2] Recycler - -Dio.netty.recycler.blocking: false
[DEBUG] 2023-02-16 00:11:09.573 [AsyncHttpClient-1-2] Brotli - brotli4j not in the classpath; Brotli support will be unavailable.
[DEBUG] 2023-02-16 00:11:09.664 [main] ThreadLocalRandom - -Dio.netty.initialSeedUniquifier: 0xc004fe9b095dcf77
[INFO ] 2023-02-16 00:11:13.338 [main] BaseClassC2M - Url Opened successfully
Name of test method started:verifyRegistrationAndLogin
[INFO ] 2023-02-16 00:11:13.542 [main] BaseClassC2M - Account and List hover
[INFO ] 2023-02-16 00:11:14.687 [main] BaseClassC2M - Sign in button is clicked
[INFO ] 2023-02-16 00:11:14.797 [main] BaseClassC2M - Email or mobile phone number entered
[INFO ] 2023-02-16 00:11:16.289 [main] BaseClassC2M - Clicked on Continue button
[INFO ] 2023-02-16 00:11:16.381 [main] BaseClassC2M - Enetered password
[INFO ] 2023-02-16 00:11:16.512 [main] BaseClassC2M - Clicked on Sign in button
[INFO ] 2023-02-16 00:11:19.628 [main] BaseClassC2M - Logged in with registered user
[INFO ] 2023-02-16 00:11:19.821 [main] BaseClassC2M - Account and List hover
[INFO ] 2023-02-16 00:11:21.155 [main] BaseClassC2M - Sign out button is clicked
Name of test method sucessfully executed:verifyRegistrationAndLogin
]]></system-out>
    <system-err><![CDATA[SLF4J: Failed to load class "org.slf4j.impl.StaticLoggerBinder".
SLF4J: Defaulting to no-operation (NOP) logger implementation
SLF4J: See http://www.slf4j.org/codes.html#StaticLoggerBinder for further details.
Starting ChromeDriver 110.0.5481.77 (65ed616c6e8ee3fe0ad64fe83796c020644d42af-refs/branch-heads/5481@{#839}) on port 9178
Only local connections are allowed.
Please see https://chromedriver.chromium.org/security-considerations for suggestions on keeping ChromeDriver safe.
ChromeDriver was started successfully.
[1676495469.491][WARNING]: virtual void DevToolsClientImpl::AddListener(DevToolsEventListener *) subscribing a listener to the already connected DevToolsClient. Connection notification will not arrive.
Feb 16, 2023 12:11:09 AM org.openqa.selenium.devtools.CdpVersionFinder findNearestMatch
WARNING: Unable to find an exact match for CDP version 110, so returning the closest version found: 107
]]></system-err>
  </testcase>
</testsuite>