<?xml version="1.0" encoding="UTF-8"?>
<testng-results ignored="0" total="1" passed="1" failed="0" skipped="0">
  <reporter-output>
  </reporter-output>
  <suite started-at="2023-02-16T00:11:06 AST" name="POC" finished-at="2023-02-16T00:11:21 AST" duration-ms="15230">
    <groups>
    </groups>
    <test started-at="2023-02-16T00:11:06 AST" name="Test" finished-at="2023-02-16T00:11:21 AST" duration-ms="15230">
      <class name="stc.b2b.c2m.msd365.Testcases.TC_RegisteredUserLoginTest">
        <test-method is-config="true" signature="setup()[pri:0, instance:stc.b2b.c2m.msd365.Testcases.TC_RegisteredUserLoginTest@506ae4d4]" started-at="2023-02-16T00:11:06 AST" name="setup" finished-at="2023-02-16T00:11:13 AST" duration-ms="6664" status="PASS">
          <reporter-output>
          </reporter-output>
        </test-method> <!-- setup -->
        <test-method signature="verifyRegistrationAndLogin()[pri:0, instance:stc.b2b.c2m.msd365.Testcases.TC_RegisteredUserLoginTest@506ae4d4]" started-at="2023-02-16T00:11:13 AST" name="verifyRegistrationAndLogin" finished-at="2023-02-16T00:11:21 AST" duration-ms="7806" status="PASS">
          <reporter-output>
          </reporter-output>
        </test-method> <!-- verifyRegistrationAndLogin -->
        <test-method is-config="true" signature="tearDown()[pri:0, instance:stc.b2b.c2m.msd365.Testcases.TC_RegisteredUserLoginTest@506ae4d4]" started-at="2023-02-16T00:11:21 AST" name="tearDown" finished-at="2023-02-16T00:11:21 AST" duration-ms="596" status="PASS">
          <reporter-output>
          </reporter-output>
        </test-method> <!-- tearDown -->
      </class> <!-- stc.b2b.c2m.msd365.Testcases.TC_RegisteredUserLoginTest -->
    </test> <!-- Test -->
  </suite> <!-- POC -->
</testng-results>
